FHIR IG Publisher Version 1.7.5 (Git# 2ec44e6c46a5). Built 2024-11-22T15:37:50.312Z (6 days old)
Detected Java version: 23-ea from /usr/local/openjdk-23 on amd64 (64bit). 4096MB available
dir = /workspace, path = /home/publisher/bin:/home/publisher/bin/ig-publisher-scripts:/home/publisher/.node/bin:/usr/local/openjdk-23/bin:/usr/local/sbin:/usr/local/bin:/usr/sbin:/usr/bin:/sbin:/bin
Parameters: -go-publish -package-cache-folder /workspace/fhir-package-cache -source /workspace/source -web /workspace/webroot -temp /workspace/temp -registry /workspace/ig-registry/fhir-ig-list.json -history /workspace/history-template -templates /workspace/webroot/templates
---------------
Publication Run: publish /workspace/source to /workspace/webroot
Run Number: 2
Relative directory for IG is '/base'
===== Web Publication Run Details ===============================
 Source IG: smart.who.int.base#0.1.0a : http://smart.who.int/base (R4) from /workspace/source
All checks passed. Do the publication build from /workspace/source and publish to /workspace/temp/web-root/run-20241128/base
Prepare Build space in /workspace/temp/smart.who.int.base#0.1.0a
Build IG at /workspace/source: final copy suitable for publication (in /workspace/temp/smart.who.int.base#0.1.0a)
FHIR IG Publisher Version 1.7.5 (Git# 2ec44e6c46a5). Built 2024-11-22T15:37:50.312Z (6 days old)    
Detected Java version: 23-ea from /usr/local/openjdk-23 on Linux/amd64 (64bit). 4096MB available    
dir = /workspace, path = /home/publisher/bin:/home/publisher/bin/ig-publisher-scripts:/home/publisher/.node/bin:/usr/local/openjdk-23/bin:/usr/local/sbin:/usr/local/bin:/usr/sbin:/usr/bin:/sbin:/bin
Parameters: -ig /workspace/temp/smart.who.int.base#0.1.0a -resetTx -publish http://smart.who.int/base/0.1.0a -no-exit
Start Clock @ Thursday, November 28, 2024, 6:11:45 PM Coordinated Universal Time (2024-11-28T18:11:45Z)
                                                                                                    
Build FHIR IG from /workspace/temp/smart.who.int.base#0.1.0a                                         (00:00.026 / 00:00.027, 55Mb)
Build Formal Publication package, intended for http://smart.who.int/base/0.1.0a                      (00:00.004 / 00:00.030, 55Mb)
API keys loaded from /home/publisher/.fhir/fhir-settings.json                                        (00:00.001 / 00:00.032, 55Mb)
Package Cache: /home/publisher/.fhir/packages                                                        (00:00.004 / 00:00.037, 55Mb)
Run Sushi on /workspace/temp/smart.who.int.base#0.1.0a                                               (00:00.006 / 00:00.043, 55Mb)
Sushi: info  Running SUSHI v3.12.1 (implements FHIR Shorthand specification v3.0.0)                  (00:00.424 / 00:00.468, 57Mb)
Sushi: info  Arguments:                                                                              (00:00.001 / 00:00.469, 57Mb)
Sushi: info    --require-latest                                                                      (00:00.001 / 00:00.470, 57Mb)
Sushi: info    --out /workspace/temp/smart.who.int.base#0.1.0a                                       (00:00.001 / 00:00.472, 57Mb)
Sushi: info    /workspace/temp/smart.who.int.base#0.1.0a                                             (00:00.001 / 00:00.473, 57Mb)
Sushi: info  Using configuration file: /workspace/temp/smart.who.int.base#0.1.0a/sushi-config.yaml   (00:00.542 / 00:01.016, 57Mb)
Sushi: info  Importing FSH text...                                                                   (00:00.107 / 00:01.124, 57Mb)
Sushi: info  Preprocessed 16 documents with 9 aliases.                                               (00:00.098 / 00:01.222, 57Mb)
Sushi: info  Imported 15 definitions and 0 instances.                                                (00:00.008 / 00:01.231, 57Mb)
Sushi: info  Checking /home/publisher/.fhir/packages for hl7.fhir.uv.tools#current...                (00:00.001 / 00:01.232, 57Mb)
Sushi: info  Did not find hl7.fhir.uv.tools#current in /home/publisher/.fhir/packages.               (00:00.024 / 00:01.256, 57Mb)
Sushi: info  Downloading hl7.fhir.uv.tools#current... https://build.fhir.org/ig/FHIR/fhir-tools-ig/branches/master/package.tgz (00:00.370 / 00:01.627, 57Mb)
Sushi: info  Downloaded hl7.fhir.uv.tools#current                                                    (00:00.039 / 00:01.667, 57Mb)
Sushi: info  Loaded package hl7.fhir.uv.tools#current                                                (00:00.069 / 00:01.736, 57Mb)
Sushi: info  Checking /home/publisher/.fhir/packages for hl7.terminology#5.5.0...                    (00:00.001 / 00:01.737, 57Mb)
Sushi: info  Did not find hl7.terminology#5.5.0 in /home/publisher/.fhir/packages.                   (00:00.016 / 00:01.753, 57Mb)
Sushi: info  Downloading hl7.terminology#5.5.0... https://packages.fhir.org/hl7.terminology/5.5.0    (00:00.001 / 00:01.755, 57Mb)
Sushi: info  Downloaded hl7.terminology#5.5.0                                                        (00:01.646 / 00:03.401, 57Mb)
Sushi: info  Loaded package hl7.terminology#5.5.0                                                    (00:01.328 / 00:04.729, 57Mb)
Sushi: info  Checking /home/publisher/.fhir/packages for hl7.fhir.uv.extensions.r4#5.1.0...          (00:00.001 / 00:04.731, 57Mb)
Sushi: info  Did not find hl7.fhir.uv.extensions.r4#5.1.0 in /home/publisher/.fhir/packages.         (00:00.285 / 00:05.017, 57Mb)
Sushi: info  Downloading hl7.fhir.uv.extensions.r4#5.1.0... https://packages.fhir.org/hl7.fhir.uv.extensions.r4/5.1.0 (00:00.001 / 00:05.018, 57Mb)
Sushi: info  Downloaded hl7.fhir.uv.extensions.r4#5.1.0                                              (00:00.292 / 00:05.311, 57Mb)
Sushi: info  Loaded package hl7.fhir.uv.extensions.r4#5.1.0                                          (00:00.830 / 00:06.141, 57Mb)
Sushi: info  Checking /home/publisher/.fhir/packages for hl7.fhir.uv.cql#1.0.0...                    (00:00.001 / 00:06.143, 57Mb)
Sushi: info  Did not find hl7.fhir.uv.cql#1.0.0 in /home/publisher/.fhir/packages.                   (00:00.405 / 00:06.548, 57Mb)
Sushi: info  Downloading hl7.fhir.uv.cql#1.0.0... https://packages.fhir.org/hl7.fhir.uv.cql/1.0.0    (00:00.001 / 00:06.549, 57Mb)
Sushi: info  Downloaded hl7.fhir.uv.cql#1.0.0                                                        (00:00.110 / 00:06.660, 57Mb)
Sushi: info  Loaded package hl7.fhir.uv.cql#1.0.0                                                    (00:00.438 / 00:07.099, 57Mb)
Sushi: info  Checking /home/publisher/.fhir/packages for hl7.fhir.uv.crmi#1.0.0...                   (00:00.001 / 00:07.100, 57Mb)
Sushi: info  Did not find hl7.fhir.uv.crmi#1.0.0 in /home/publisher/.fhir/packages.                  (00:00.408 / 00:07.509, 57Mb)
Sushi: info  Downloading hl7.fhir.uv.crmi#1.0.0... https://packages.fhir.org/hl7.fhir.uv.crmi/1.0.0  (00:00.001 / 00:07.510, 57Mb)
Sushi: info  Downloaded hl7.fhir.uv.crmi#1.0.0                                                       (00:00.142 / 00:07.652, 57Mb)
Sushi: info  Loaded package hl7.fhir.uv.crmi#1.0.0                                                   (00:00.579 / 00:08.232, 57Mb)
Sushi: info  Checking /home/publisher/.fhir/packages for hl7.fhir.uv.sdc#3.0.0...                    (00:00.001 / 00:08.233, 57Mb)
Sushi: info  Did not find hl7.fhir.uv.sdc#3.0.0 in /home/publisher/.fhir/packages.                   (00:00.491 / 00:08.724, 57Mb)
Sushi: info  Downloading hl7.fhir.uv.sdc#3.0.0... https://packages.fhir.org/hl7.fhir.uv.sdc/3.0.0    (00:00.001 / 00:08.726, 57Mb)
Sushi: info  Downloaded hl7.fhir.uv.sdc#3.0.0                                                        (00:00.105 / 00:08.832, 57Mb)
Sushi: info  Loaded package hl7.fhir.uv.sdc#3.0.0                                                    (00:00.595 / 00:09.427, 57Mb)
Sushi: info  Checking /home/publisher/.fhir/packages for hl7.fhir.r4.core#4.0.1...                   (00:00.001 / 00:09.429, 57Mb)
Sushi: info  Did not find hl7.fhir.r4.core#4.0.1 in /home/publisher/.fhir/packages.                  (00:00.596 / 00:10.025, 57Mb)
Sushi: info  Downloading hl7.fhir.r4.core#4.0.1... https://packages.fhir.org/hl7.fhir.r4.core/4.0.1  (00:00.001 / 00:10.027, 57Mb)
Sushi: info  Downloaded hl7.fhir.r4.core#4.0.1                                                       (00:00.532 / 00:10.560, 57Mb)
Sushi: info  Loaded package hl7.fhir.r4.core#4.0.1                                                   (00:01.808 / 00:12.368, 57Mb)
Sushi: info  Found 6 files in input/* resource folders that were neither XML nor JSON. These files were not processed as resources by SUSHI. To see the unprocessed files in the logs, run SUSHI with the "--log-level debug" flag. (00:00.036 / 00:12.405, 57Mb)
Sushi: info  Converting FSH to FHIR resources...                                                     (00:00.002 / 00:12.407, 57Mb)
Sushi: info  Converted 15 FHIR StructureDefinitions.                                                 (00:00.506 / 00:12.914, 57Mb)
Sushi: info  Exporting FHIR resources as JSON...                                                     (00:00.003 / 00:12.917, 57Mb)
Sushi: info  Exported 15 FHIR resources as JSON.                                                     (00:00.093 / 00:13.011, 57Mb)
Sushi: info  Assembling Implementation Guide sources...                                              (00:00.001 / 00:13.013, 57Mb)
Sushi: info  Generated ImplementationGuide-smart.who.int.base.json                                   (00:00.025 / 00:13.038, 57Mb)
Sushi: info  Assembled Implementation Guide sources; ready for IG Publisher.                         (00:00.001 / 00:13.039, 57Mb)
Sushi: ========================= SUSHI RESULTS ===========================                           (00:00.001 / 00:13.040, 57Mb)
Sushi: |  -------------------------------------------------------------  |                           (00:00.001 / 00:13.042, 57Mb)
Sushi: | |    Profiles   |  Extensions  |   Logicals   |   Resources   | |                           (00:00.001 / 00:13.043, 57Mb)
Sushi: | |-------------------------------------------------------------| |                           (00:00.001 / 00:13.044, 57Mb)
Sushi: | |      13       |      2       |      0       |       0       | |                           (00:00.001 / 00:13.045, 57Mb)
Sushi: |  -------------------------------------------------------------  |                           (00:00.002 / 00:13.048, 57Mb)
Sushi: |  -------------------------------------------------------------  |                           (00:00.001 / 00:13.049, 57Mb)
Sushi: | |      ValueSets     |    CodeSystems    |     Instances      | |                           (00:00.001 / 00:13.050, 57Mb)
Sushi: | |-------------------------------------------------------------| |                           (00:00.001 / 00:13.052, 57Mb)
Sushi: | |         0          |         0         |         0          | |                           (00:00.001 / 00:13.053, 57Mb)
Sushi: |  -------------------------------------------------------------  |                           (00:00.001 / 00:13.054, 57Mb)
Sushi: |                                                                 |                           (00:00.001 / 00:13.055, 57Mb)
Sushi: ===================================================================                           (00:00.001 / 00:13.057, 57Mb)
Sushi: | Swish! Nothing but fishnet.            0 Errors      0 Warnings |                           (00:00.001 / 00:13.058, 57Mb)
Sushi: ===================================================================                           (00:00.001 / 00:13.059, 57Mb)
Unable to load IG as an r5 IG - try R4 (property code is a class com.google.gson.JsonPrimitive looking for an object) (00:00.469 / 00:13.529, 56Mb)
Load Template from who.template.root#current                                                         (00:00.434 / 00:13.963, 69Mb)
Installing who.template.root#current to the package cache
  Fetching:

Installing who.template.root#current
 done.
 Load Template from fhir.base.template#current                                                       (00:01.223 / 00:15.187, 75Mb)
Installing fhir.base.template#current to the package cache
  Fetching:

Installing fhir.base.template#current
 done.

onLoad.findSpreadsheets:

onLoad.updateIg:
     [xslt] Processing /workspace/temp/smart.who.int.base#0.1.0a/template/onLoad-ig-working.xml to /workspace/temp/smart.who.int.base#0.1.0a/template/onLoad-ig-updated.xml
     [xslt] Loading stylesheet /workspace/temp/smart.who.int.base#0.1.0a/template/scripts/onLoad.xslt

onLoad.extend:

onLoad:
Root directory: /workspace/temp/smart.who.int.base#0.1.0a                                            (00:02.802 / 00:17.989, 116Mb)
Terminology Cache is at /workspace/temp/smart.who.int.base#0.1.0a/input-cache/txcache. Clearing now  (00:00.709 / 00:18.699, 137Mb)
Core Package hl7.fhir.r4.core#4.0.1
Running Terminology Log: /tmp/ohfu-fhir-ig-7435973357210411435.log
Connect to Terminology Server at http://tx.fhir.org                                                  (00:08.202 / 00:26.902, 223Mb)
Installing hl7.fhir.pubpack#0.1.9 to the package cache
  Fetching:

Installing hl7.fhir.pubpack#0.1.9
 done.
Load Package hl7.fhir.pubpack#0.1.9
Installing hl7.fhir.xver-extensions#0.1.0 to the package cache
  Fetching:

Installing hl7.fhir.xver-extensions#0.1.0
 done.
Load Package hl7.fhir.xver-extensions#0.1.0
Installing hl7.fhir.uv.extensions.r4#1.0.0 to the package cache
  Fetching:

Installing hl7.fhir.uv.extensions.r4#1.0.0
 done.
Load Package hl7.fhir.uv.extensions.r4#1.0.0
Load Package hl7.terminology#5.5.0
Load Package hl7.fhir.uv.extensions.r4#5.1.0
Load Package hl7.fhir.uv.cql#1.0.0
Load Package hl7.fhir.uv.crmi#1.0.0
Ignore Dependency on Core FHIR hl7.fhir.r4.examples#4.0.1, from package 'hl7.fhir.uv.sdc#3.0.0'      (00:08.472 / 00:35.374, 654Mb)
Load Package hl7.fhir.uv.sdc#3.0.0
Installing hl7.fhir.uv.tools.r4#0.3.0 to the package cache
  Fetching:

Installing hl7.fhir.uv.tools.r4#0.3.0
 done.
Load Package hl7.fhir.uv.tools.r4#0.3.0
Load R5 Specials
Installing hl7.fhir.r5.core#5.0.0 to the package cache
  Fetching:

Installing hl7.fhir.r5.core#5.0.0
 done.
Initialization complete                                                                              (00:05.290 / 00:40.665, 549Mb)
Load Content                                                                                         (00:00.001 / 00:40.666, 549Mb)
Using en-US as the default narrative language. (no language information in Implementation Guide or command line) (00:00.073 / 00:40.739, 554Mb)
The version 0.1.0a is not a valid semantic version so cannot be published in the ci-build            (00:00.023 / 00:40.763, 555Mb)
loadPrePages from FetchedFile[/workspace/temp/smart.who.int.base#0.1.0a/fsh-generated/includes] as /workspace/temp/smart.who.int.base#0.1.0a/fsh-generated/includes
loadPrePages from FetchedFile[/workspace/temp/smart.who.int.base#0.1.0a/input/pagecontent] as /workspace/temp/smart.who.int.base#0.1.0a/input/pagecontent
Fetch http://smart.who.int/base/package-list.json for version check                                  (00:00.482 / 00:41.246, 574Mb)
Processing Conformance Resources                                                                     (00:00.129 / 00:41.376, 577Mb)
Load Dependency Info                                                                                 (00:00.002 / 00:41.378, 577Mb)
Load Info                                                                                            (00:00.002 / 00:41.380, 577Mb)
Load Resources                                                                                       (00:00.001 / 00:41.382, 577Mb)
Load Paths                                                                                           (00:00.107 / 00:41.489, 597Mb)
Generating Snapshots                                                                                 (00:00.001 / 00:41.490, 597Mb)
Check R4 / R4B                                                                                       (00:01.534 / 00:43.025, 723Mb)
Assign Comparison Ids                                                                                (00:00.015 / 00:43.040, 724Mb)
Propagating status                                                                                   (00:00.001 / 00:43.042, 724Mb)
Generating Narratives                                                                                (00:00.002 / 00:43.044, 724Mb)
Validating Conformance Resources                                                                     (00:00.720 / 00:43.765, 483Mb)
Check profiles & code systems                                                                        (00:10.118 / 00:53.884, 1Gb)
Check realm rules                                                                                    (00:00.004 / 00:53.889, 1Gb)
Previous Version Comparison                                                                          (00:00.001 / 00:53.890, 1Gb)
Installing smart.who.int.base#0.1.0 to the package cache
  Fetching:

Installing smart.who.int.base#0.1.0
 done.
Installing hl7.fhir.r4.examples#4.0.1 to the package cache
  Fetching:

Installing hl7.fhir.r4.examples#4.0.1
 done.
Validating Resources                                                                                 (00:19.132 / 01:13.023, 925Mb)
Processing Provenance Records                                                                        (00:00.029 / 01:13.052, 931Mb)
Generating Outputs in /workspace/temp/smart.who.int.base#0.1.0a/output                               (00:00.001 / 01:13.054, 931Mb)
Generate Native Outputs                                                                              (00:00.083 / 01:13.137, 938Mb)
Run Template                                                                                         (00:06.107 / 01:19.244, 955Mb)

onGenerate.checkVersions:
     [xslt] Processing /workspace/temp/smart.who.int.base#0.1.0a/template/onGenerate-ig-working.xml to /workspace/temp/smart.who.int.base#0.1.0a/template/versions.txt
     [xslt] Loading stylesheet /workspace/temp/smart.who.int.base#0.1.0a/template/scripts/onGenerate.getVersions.xslt

onGenerate.r5-schemas:
      [get] Getting: http://build.fhir.org/fhir-single.xsd
      [get] To: /workspace/temp/smart.who.int.base#0.1.0a/input-cache/schemas/R5/fhir-single.xsd
      [get] Not modified - so not downloaded
      [get] Getting: http://build.fhir.org/fhir-xhtml.xsd
      [get] To: /workspace/temp/smart.who.int.base#0.1.0a/input-cache/schemas/R5/fhir-xhtml.xsd
      [get] Not modified - so not downloaded
      [get] Getting: http://build.fhir.org/xml.xsd
      [get] To: /workspace/temp/smart.who.int.base#0.1.0a/input-cache/schemas/R5/xml.xsd
      [get] Not modified - so not downloaded
      [get] Getting: http://build.fhir.org/xmldsig-core-schema.xsd
      [get] To: /workspace/temp/smart.who.int.base#0.1.0a/input-cache/schemas/R5/xmldsig-core-schema.xsd
      [get] Not modified - so not downloaded

onGenerate.r4-schemas:
      [get] Getting: http://hl7.org/fhir/R4/fhir-single.xsd
      [get] To: /workspace/temp/smart.who.int.base#0.1.0a/input-cache/schemas/R4/fhir-single.xsd
      [get] Not modified - so not downloaded
      [get] Getting: http://hl7.org/fhir/R4/fhir-xhtml.xsd
      [get] To: /workspace/temp/smart.who.int.base#0.1.0a/input-cache/schemas/R4/fhir-xhtml.xsd
      [get] Not modified - so not downloaded
      [get] Getting: http://hl7.org/fhir/R4/xml.xsd
      [get] To: /workspace/temp/smart.who.int.base#0.1.0a/input-cache/schemas/R4/xml.xsd
      [get] Not modified - so not downloaded
      [get] Getting: http://hl7.org/fhir/R4/xmldsig-core-schema.xsd
      [get] To: /workspace/temp/smart.who.int.base#0.1.0a/input-cache/schemas/R4/xmldsig-core-schema.xsd
      [get] Not modified - so not downloaded

onGenerate.r3-schemas:

onGenerate.r2b-schemas:

onGenerate.r2-schemas:

onGenerate.schemas:

onGenerate.data:
     [xslt] Processing /workspace/temp/smart.who.int.base#0.1.0a/template/onGenerate-ig-working.xml to /workspace/temp/smart.who.int.base#0.1.0a/temp/pages/_data/artifacts.json
     [xslt] Loading stylesheet /workspace/temp/smart.who.int.base#0.1.0a/template/scripts/onGenerate.data.xslt

onGenerate.setup:

onGenerate.infoFile:
     [xslt] Processing /workspace/temp/smart.who.int.base#0.1.0a/template/onGenerate-ig-working.xml to /workspace/temp/smart.who.int.base#0.1.0a/temp/pages/_data/info.json
     [xslt] Loading stylesheet /workspace/temp/smart.who.int.base#0.1.0a/template/scripts/onGenerate.genJson.xslt

onGenerate.processIncludes:
     [copy] Copying 21 files to /workspace/temp/smart.who.int.base#0.1.0a/temp/pages/_includes

onGenerate.processIg:
     [xslt] Processing /workspace/temp/smart.who.int.base#0.1.0a/template/onGenerate-ig-working.xml to /workspace/temp/smart.who.int.base#0.1.0a/template/onGenerate-ig-working.1.xml
     [xslt] Loading stylesheet /workspace/temp/smart.who.int.base#0.1.0a/template/scripts/onGenerate.group.xslt
     [xslt] Processing /workspace/temp/smart.who.int.base#0.1.0a/template/onGenerate-ig-working.1.xml to /workspace/temp/smart.who.int.base#0.1.0a/template/onGenerate-ig-working.2.xml
     [xslt] Loading stylesheet /workspace/temp/smart.who.int.base#0.1.0a/template/scripts/onGenerate.groupSort.xslt
     [xslt] Processing /workspace/temp/smart.who.int.base#0.1.0a/template/onGenerate-ig-working.2.xml to /workspace/temp/smart.who.int.base#0.1.0a/template/onGenerate-ig-updated.xml
     [xslt] Loading stylesheet /workspace/temp/smart.who.int.base#0.1.0a/template/scripts/onGenerate.final.xslt

onGenerate.igQa:
     [xslt] Processing /workspace/temp/smart.who.int.base#0.1.0a/template/onGenerate-ig-updated.xml to /workspace/temp/smart.who.int.base#0.1.0a/template/ongenerate-validation-igqa.json
     [xslt] Loading stylesheet /workspace/temp/smart.who.int.base#0.1.0a/template/scripts/onGenerate.qa.xslt

onGenerate.artifactList:
     [xslt] Processing /workspace/temp/smart.who.int.base#0.1.0a/template/onGenerate-ig-updated.xml to /workspace/temp/smart.who.int.base#0.1.0a/temp/pages/_includes/artifacts.xml
     [xslt] Loading stylesheet /workspace/temp/smart.who.int.base#0.1.0a/template/scripts/createArtifactSummary.xslt

check-plantumlfiles:

onGenerate.plantUml.ig:

onGenerate.plantUml.template:

onGenerate.plantUml:

onGenerate.copyDataFiles:

onGenerate.extend:

onGenerate:
Template Done                                                                                        (00:01.031 / 01:20.276, 999Mb)
Generate HTML Outputs                                                                                (00:00.000 / 01:20.277, 999Mb)
ERROR StatusLogger Log4j2 could not find a logging implementation. Please add log4j-core to the classpath. Using SimpleLogger to log to the console...
Generate Summaries                                                                                   (00:12.121 / 01:32.399, 1Gb)
Generating Summary Outputs                                                                           (00:00.001 / 01:32.400, 1Gb)
DB Cumulative Time invested: 00:00:00.112
Sending Usage Stats to Server                                                                        (00:06.733 / 01:39.133, 1Gb)
## Memory (MB): Use = 1953, Free = 158, Total = 2112, Max = 4096                                     (00:00.006 / 01:39.140, 1Gb)
Reclaiming memory...                                                                                 (00:00.001 / 01:39.141, 1Gb)
## Memory (MB): Use = 1227, Free = 884, Total = 2112, Max = 4096                                     (00:00.574 / 01:39.716, 1Gb)
Run jekyll: jekyll build --destination "/workspace/temp/smart.who.int.base#0.1.0a/output" (in folder /workspace/temp/smart.who.int.base#0.1.0a/temp/pages) (00:00.002 / 01:39.718, 1Gb)
Troubleshooting Note: usual cases for Jekyll to fail are:                                            (00:00.001 / 01:39.720, 1Gb)
* A failure to produce a fragment that is already logged in the output above                         (00:00.001 / 01:39.721, 1Gb)
* A reference to a manually edited file that hasn't been provided                                    (00:00.001 / 01:39.722, 1Gb)
Jekyll: Source: /workspace/temp/smart.who.int.base#0.1.0a/temp/pages                                 (00:00.366 / 01:40.089, 1Gb)
Jekyll: Generating...                                                                                (00:00.001 / 01:40.090, 1Gb)
Jekyll: done in 1.242 seconds.                                                                       (00:01.241 / 01:41.331, 1Gb)

onCheck.extend:

onCheck:

Installing smart.who.int.base#0.1.0a
 done.
Checking Output HTML                                                                                 (00:02.680 / 01:44.012, 1Gb)
found 850 files                                                                                      (00:00.007 / 01:44.020, 1Gb)
........................................
........................................
  ... 850 html files, 0 pages invalid xhtml (0%)                                                     (00:12.171 / 01:56.191, 1Gb)
  ... 249291 links, 41 broken links (0%)                                                             (00:00.001 / 01:56.192, 1Gb)
Generate fragment-usage-analysis.csv                                                                 (00:00.000 / 01:56.193, 1Gb)
Build final .zip                                                                                     (00:00.006 / 01:56.200, 1Gb)
Final .zip built                                                                                     (00:02.155 / 01:58.355, 1Gb)
Built. Times: loading: 00:00.707, generate: 01:19.769, narrative generation: 00:00.718, realm-rules: 00:00.001, previous-version: 00:19.101, jekyll: 00:01.628, validation: 00:10.117 (#17), template: 00:01.038 (#3) (00:02.793 / 02:01.149, 1Gb)
Generating QA                                                                                        (00:00.001 / 02:01.151, 1Gb)
Validation output in /workspace/temp/smart.who.int.base#0.1.0a/output/qa.html
Errors: 1, Warnings: 1, Info: 17, Broken Links: 41 (00:01.034 / 02:02.186, 1Gb)
Finished. Max Memory Used = 1Gb. Log file saved in /tmp/fhir-ig-publisher-tmp.log                    (00:00.006 / 02:02.192, 1Gb)
Prepare Build space in /workspace/temp/smart.who.int.base#0.1.0a-milestone
Build IG at /workspace/source: final copy suitable for publication (in /workspace/temp/smart.who.int.base#0.1.0a-milestone) (milestone build)
FHIR IG Publisher Version 1.7.5 (Git# 2ec44e6c46a5). Built 2024-11-22T15:37:50.312Z (6 days old)    
Detected Java version: 23-ea from /usr/local/openjdk-23 on Linux/amd64 (64bit). 4096MB available    
dir = /workspace, path = /home/publisher/bin:/home/publisher/bin/ig-publisher-scripts:/home/publisher/.node/bin:/usr/local/openjdk-23/bin:/usr/local/sbin:/usr/local/bin:/usr/sbin:/usr/bin:/sbin:/bin
Parameters: -ig /workspace/temp/smart.who.int.base#0.1.0a-milestone -publish http://smart.who.int/base/0.1.0a -milestone -no-exit
Start Clock @ Thursday, November 28, 2024, 6:13:50 PM Coordinated Universal Time (2024-11-28T18:13:50Z)
                                                                                                    
Build FHIR IG from /workspace/temp/smart.who.int.base#0.1.0a-milestone                               (00:00.002 / 00:00.002, 1Gb)
Build Formal Publication package, intended for http://smart.who.int/base/0.1.0a                      (00:00.001 / 00:00.004, 1Gb)
API keys loaded from /home/publisher/.fhir/fhir-settings.json                                        (00:00.001 / 00:00.005, 1Gb)
Package Cache: /home/publisher/.fhir/packages                                                        (00:00.001 / 00:00.006, 1Gb)
Run Sushi on /workspace/temp/smart.who.int.base#0.1.0a-milestone                                     (00:00.001 / 00:00.007, 1Gb)
Sushi: info  Running SUSHI v3.12.1 (implements FHIR Shorthand specification v3.0.0)                  (00:00.387 / 00:00.394, 1Gb)
Sushi: info  Arguments:                                                                              (00:00.001 / 00:00.396, 1Gb)
Sushi: info    --require-latest                                                                      (00:00.001 / 00:00.397, 1Gb)
Sushi: info    --out /workspace/temp/smart.who.int.base#0.1.0a-milestone                             (00:00.000 / 00:00.398, 1Gb)
Sushi: info    /workspace/temp/smart.who.int.base#0.1.0a-milestone                                   (00:00.001 / 00:00.399, 1Gb)
Sushi: info  Using configuration file: /workspace/temp/smart.who.int.base#0.1.0a-milestone/sushi-config.yaml (00:00.358 / 00:00.757, 1Gb)
Sushi: info  Importing FSH text...                                                                   (00:00.100 / 00:00.858, 1Gb)
Sushi: info  Preprocessed 16 documents with 9 aliases.                                               (00:00.096 / 00:00.954, 1Gb)
Sushi: info  Imported 15 definitions and 0 instances.                                                (00:00.009 / 00:00.963, 1Gb)
Sushi: info  Checking /home/publisher/.fhir/packages for hl7.fhir.uv.tools#current...                (00:00.001 / 00:00.964, 1Gb)
Sushi: info  Found hl7.fhir.uv.tools#current in /home/publisher/.fhir/packages.                      (00:00.038 / 00:01.003, 1Gb)
Sushi: info  Loaded package hl7.fhir.uv.tools#current                                                (00:00.199 / 00:01.203, 1Gb)
Sushi: info  Checking /home/publisher/.fhir/packages for hl7.terminology#5.5.0...                    (00:00.000 / 00:01.204, 1Gb)
Sushi: info  Found hl7.terminology#5.5.0 in /home/publisher/.fhir/packages.                          (00:00.529 / 00:01.733, 1Gb)
Sushi: info  Loaded package hl7.terminology#5.5.0                                                    (00:00.002 / 00:01.736, 1Gb)
Sushi: info  Checking /home/publisher/.fhir/packages for hl7.fhir.uv.extensions.r4#5.1.0...          (00:00.001 / 00:01.737, 1Gb)
Sushi: info  Found hl7.fhir.uv.extensions.r4#5.1.0 in /home/publisher/.fhir/packages.                (00:00.530 / 00:02.268, 1Gb)
Sushi: info  Loaded package hl7.fhir.uv.extensions.r4#5.1.0                                          (00:00.001 / 00:02.270, 1Gb)
Sushi: info  Checking /home/publisher/.fhir/packages for hl7.fhir.uv.cql#1.0.0...                    (00:00.001 / 00:02.271, 1Gb)
Sushi: info  Found hl7.fhir.uv.cql#1.0.0 in /home/publisher/.fhir/packages.                          (00:00.455 / 00:02.726, 1Gb)
Sushi: info  Loaded package hl7.fhir.uv.cql#1.0.0                                                    (00:00.001 / 00:02.728, 1Gb)
Sushi: info  Checking /home/publisher/.fhir/packages for hl7.fhir.uv.crmi#1.0.0...                   (00:00.001 / 00:02.729, 1Gb)
Sushi: info  Found hl7.fhir.uv.crmi#1.0.0 in /home/publisher/.fhir/packages.                         (00:00.484 / 00:03.214, 1Gb)
Sushi: info  Loaded package hl7.fhir.uv.crmi#1.0.0                                                   (00:00.001 / 00:03.215, 1Gb)
Sushi: info  Checking /home/publisher/.fhir/packages for hl7.fhir.uv.sdc#3.0.0...                    (00:00.000 / 00:03.216, 1Gb)
Sushi: info  Found hl7.fhir.uv.sdc#3.0.0 in /home/publisher/.fhir/packages.                          (00:00.552 / 00:03.768, 1Gb)
Sushi: info  Loaded package hl7.fhir.uv.sdc#3.0.0                                                    (00:00.001 / 00:03.769, 1Gb)
Sushi: info  Checking /home/publisher/.fhir/packages for hl7.fhir.r4.core#4.0.1...                   (00:00.000 / 00:03.770, 1Gb)
Sushi: info  Found hl7.fhir.r4.core#4.0.1 in /home/publisher/.fhir/packages.                         (00:01.041 / 00:04.812, 1Gb)
Sushi: info  Loaded package hl7.fhir.r4.core#4.0.1                                                   (00:00.001 / 00:04.813, 1Gb)
Sushi: info  Found 6 files in input/* resource folders that were neither XML nor JSON. These files were not processed as resources by SUSHI. To see the unprocessed files in the logs, run SUSHI with the "--log-level debug" flag. (00:00.037 / 00:04.850, 1Gb)
Sushi: info  Converting FSH to FHIR resources...                                                     (00:00.001 / 00:04.852, 1Gb)
Sushi: info  Converted 15 FHIR StructureDefinitions.                                                 (00:00.500 / 00:05.353, 1Gb)
Sushi: info  Exporting FHIR resources as JSON...                                                     (00:00.001 / 00:05.354, 1Gb)
Sushi: info  Exported 15 FHIR resources as JSON.                                                     (00:00.109 / 00:05.464, 1Gb)
Sushi: info  Assembling Implementation Guide sources...                                              (00:00.001 / 00:05.466, 1Gb)
Sushi: info  Generated ImplementationGuide-smart.who.int.base.json                                   (00:00.034 / 00:05.500, 1Gb)
Sushi: info  Assembled Implementation Guide sources; ready for IG Publisher.                         (00:00.001 / 00:05.501, 1Gb)
Sushi: ========================= SUSHI RESULTS ===========================                           (00:00.001 / 00:05.503, 1Gb)
Sushi: |  -------------------------------------------------------------  |                           (00:00.001 / 00:05.505, 1Gb)
Sushi: | |    Profiles   |  Extensions  |   Logicals   |   Resources   | |                           (00:00.001 / 00:05.507, 1Gb)
Sushi: | |-------------------------------------------------------------| |                           (00:00.001 / 00:05.508, 1Gb)
Sushi: | |      13       |      2       |      0       |       0       | |                           (00:00.001 / 00:05.509, 1Gb)
Sushi: |  -------------------------------------------------------------  |                           (00:00.001 / 00:05.510, 1Gb)
Sushi: |  -------------------------------------------------------------  |                           (00:00.001 / 00:05.511, 1Gb)
Sushi: | |      ValueSets     |    CodeSystems    |     Instances      | |                           (00:00.001 / 00:05.512, 1Gb)
Sushi: | |-------------------------------------------------------------| |                           (00:00.001 / 00:05.513, 1Gb)
Sushi: | |         0          |         0         |         0          | |                           (00:00.000 / 00:05.514, 1Gb)
Sushi: |  -------------------------------------------------------------  |                           (00:00.001 / 00:05.515, 1Gb)
Sushi: |                                                                 |                           (00:00.001 / 00:05.517, 1Gb)
Sushi: ===================================================================                           (00:00.001 / 00:05.518, 1Gb)
Sushi: | Ex-clam-ation point!                   0 Errors      0 Warnings |                           (00:00.001 / 00:05.519, 1Gb)
Sushi: ===================================================================                           (00:00.001 / 00:05.520, 1Gb)
Unable to load IG as an r5 IG - try R4 (property code is a class com.google.gson.JsonPrimitive looking for an object) (00:00.049 / 00:05.569, 1Gb)
Load Template from who.template.root#current                                                         (00:00.030 / 00:05.600, 1Gb)
 Load Template from fhir.base.template#current                                                       (00:02.210 / 00:07.811, 1Gb)

onLoad.findSpreadsheets:

onLoad.updateIg:
     [xslt] Processing /workspace/temp/smart.who.int.base#0.1.0a-milestone/template/onLoad-ig-working.xml to /workspace/temp/smart.who.int.base#0.1.0a-milestone/template/onLoad-ig-updated.xml
     [xslt] Loading stylesheet /workspace/temp/smart.who.int.base#0.1.0a-milestone/template/scripts/onLoad.xslt

onLoad.extend:

onLoad:
Root directory: /workspace/temp/smart.who.int.base#0.1.0a-milestone                                  (00:01.872 / 00:09.683, 1Gb)
Terminology Cache is at /workspace/temp/smart.who.int.base#0.1.0a-milestone/input-cache/txcache. 5 files in cache (00:00.623 / 00:10.306, 1Gb)
Core Package hl7.fhir.r4.core#4.0.1
Running Terminology Log: /tmp/ohfu-fhir-ig-4416295321844284848.log
Connect to Terminology Server at http://tx.fhir.org                                                  (00:01.740 / 00:12.047, 1Gb)
Load Package hl7.fhir.pubpack#0.1.9
Load Package hl7.fhir.xver-extensions#0.1.0
Load Package hl7.fhir.uv.extensions.r4#1.0.0
Load Package hl7.terminology#5.5.0
Load Package hl7.fhir.uv.extensions.r4#5.1.0
Load Package hl7.fhir.uv.cql#1.0.0
Load Package hl7.fhir.uv.crmi#1.0.0
Ignore Dependency on Core FHIR hl7.fhir.r4.examples#4.0.1, from package 'hl7.fhir.uv.sdc#3.0.0'      (00:03.107 / 00:15.154, 1Gb)
Load Package hl7.fhir.uv.sdc#3.0.0
Load Package hl7.fhir.uv.tools.r4#0.3.0
Load R5 Specials
Initialization complete                                                                              (00:00.813 / 00:15.967, 1Gb)
Load Content                                                                                         (00:00.000 / 00:15.968, 1Gb)
Using en-US as the default narrative language. (no language information in Implementation Guide or command line) (00:00.009 / 00:15.978, 1Gb)
The version 0.1.0a is not a valid semantic version so cannot be published in the ci-build            (00:00.011 / 00:15.989, 1Gb)
loadPrePages from FetchedFile[/workspace/temp/smart.who.int.base#0.1.0a-milestone/fsh-generated/includes] as /workspace/temp/smart.who.int.base#0.1.0a-milestone/fsh-generated/includes
loadPrePages from FetchedFile[/workspace/temp/smart.who.int.base#0.1.0a-milestone/input/pagecontent] as /workspace/temp/smart.who.int.base#0.1.0a-milestone/input/pagecontent
Fetch http://smart.who.int/base/package-list.json for version check                                  (00:00.198 / 00:16.187, 1Gb)
Processing Conformance Resources                                                                     (00:00.017 / 00:16.205, 1Gb)
Load Dependency Info                                                                                 (00:00.001 / 00:16.206, 1Gb)
Load Info                                                                                            (00:00.001 / 00:16.207, 1Gb)
Load Resources                                                                                       (00:00.001 / 00:16.208, 1Gb)
Load Paths                                                                                           (00:00.101 / 00:16.309, 1Gb)
Generating Snapshots                                                                                 (00:00.001 / 00:16.310, 1Gb)
Check R4 / R4B                                                                                       (00:00.985 / 00:17.295, 2Gb)
Assign Comparison Ids                                                                                (00:00.002 / 00:17.298, 2Gb)
Propagating status                                                                                   (00:00.000 / 00:17.299, 2Gb)
Generating Narratives                                                                                (00:00.000 / 00:17.300, 2Gb)
Validating Conformance Resources                                                                     (00:00.391 / 00:17.691, 1Gb)
Check profiles & code systems                                                                        (00:07.475 / 00:25.167, 2Gb)
Check realm rules                                                                                    (00:00.002 / 00:25.170, 2Gb)
Previous Version Comparison                                                                          (00:00.000 / 00:25.170, 2Gb)
Validating Resources                                                                                 (00:07.277 / 00:32.448, 2Gb)
Processing Provenance Records                                                                        (00:00.015 / 00:32.463, 2Gb)
Generating Outputs in /workspace/temp/smart.who.int.base#0.1.0a-milestone/output                     (00:00.000 / 00:32.464, 2Gb)
Generate Native Outputs                                                                              (00:00.056 / 00:32.521, 2Gb)
Run Template                                                                                         (00:05.634 / 00:38.156, 2Gb)

onGenerate.checkVersions:
     [xslt] Processing /workspace/temp/smart.who.int.base#0.1.0a-milestone/template/onGenerate-ig-working.xml to /workspace/temp/smart.who.int.base#0.1.0a-milestone/template/versions.txt
     [xslt] Loading stylesheet /workspace/temp/smart.who.int.base#0.1.0a-milestone/template/scripts/onGenerate.getVersions.xslt

onGenerate.r5-schemas:
      [get] Getting: http://build.fhir.org/fhir-single.xsd
      [get] To: /workspace/temp/smart.who.int.base#0.1.0a-milestone/input-cache/schemas/R5/fhir-single.xsd
      [get] Not modified - so not downloaded
      [get] Getting: http://build.fhir.org/fhir-xhtml.xsd
      [get] To: /workspace/temp/smart.who.int.base#0.1.0a-milestone/input-cache/schemas/R5/fhir-xhtml.xsd
      [get] Not modified - so not downloaded
      [get] Getting: http://build.fhir.org/xml.xsd
      [get] To: /workspace/temp/smart.who.int.base#0.1.0a-milestone/input-cache/schemas/R5/xml.xsd
      [get] Not modified - so not downloaded
      [get] Getting: http://build.fhir.org/xmldsig-core-schema.xsd
      [get] To: /workspace/temp/smart.who.int.base#0.1.0a-milestone/input-cache/schemas/R5/xmldsig-core-schema.xsd
      [get] Not modified - so not downloaded

onGenerate.r4-schemas:
      [get] Getting: http://hl7.org/fhir/R4/fhir-single.xsd
      [get] To: /workspace/temp/smart.who.int.base#0.1.0a-milestone/input-cache/schemas/R4/fhir-single.xsd
      [get] Not modified - so not downloaded
      [get] Getting: http://hl7.org/fhir/R4/fhir-xhtml.xsd
      [get] To: /workspace/temp/smart.who.int.base#0.1.0a-milestone/input-cache/schemas/R4/fhir-xhtml.xsd
      [get] Not modified - so not downloaded
      [get] Getting: http://hl7.org/fhir/R4/xml.xsd
      [get] To: /workspace/temp/smart.who.int.base#0.1.0a-milestone/input-cache/schemas/R4/xml.xsd
      [get] Not modified - so not downloaded
      [get] Getting: http://hl7.org/fhir/R4/xmldsig-core-schema.xsd
      [get] To: /workspace/temp/smart.who.int.base#0.1.0a-milestone/input-cache/schemas/R4/xmldsig-core-schema.xsd
      [get] Not modified - so not downloaded

onGenerate.r3-schemas:

onGenerate.r2b-schemas:

onGenerate.r2-schemas:

onGenerate.schemas:

onGenerate.data:
     [xslt] Processing /workspace/temp/smart.who.int.base#0.1.0a-milestone/template/onGenerate-ig-working.xml to /workspace/temp/smart.who.int.base#0.1.0a-milestone/temp/pages/_data/artifacts.json
     [xslt] Loading stylesheet /workspace/temp/smart.who.int.base#0.1.0a-milestone/template/scripts/onGenerate.data.xslt

onGenerate.setup:

onGenerate.infoFile:
     [xslt] Processing /workspace/temp/smart.who.int.base#0.1.0a-milestone/template/onGenerate-ig-working.xml to /workspace/temp/smart.who.int.base#0.1.0a-milestone/temp/pages/_data/info.json
     [xslt] Loading stylesheet /workspace/temp/smart.who.int.base#0.1.0a-milestone/template/scripts/onGenerate.genJson.xslt

onGenerate.processIncludes:
     [copy] Copying 21 files to /workspace/temp/smart.who.int.base#0.1.0a-milestone/temp/pages/_includes

onGenerate.processIg:
     [xslt] Processing /workspace/temp/smart.who.int.base#0.1.0a-milestone/template/onGenerate-ig-working.xml to /workspace/temp/smart.who.int.base#0.1.0a-milestone/template/onGenerate-ig-working.1.xml
     [xslt] Loading stylesheet /workspace/temp/smart.who.int.base#0.1.0a-milestone/template/scripts/onGenerate.group.xslt
     [xslt] Processing /workspace/temp/smart.who.int.base#0.1.0a-milestone/template/onGenerate-ig-working.1.xml to /workspace/temp/smart.who.int.base#0.1.0a-milestone/template/onGenerate-ig-working.2.xml
     [xslt] Loading stylesheet /workspace/temp/smart.who.int.base#0.1.0a-milestone/template/scripts/onGenerate.groupSort.xslt
     [xslt] Processing /workspace/temp/smart.who.int.base#0.1.0a-milestone/template/onGenerate-ig-working.2.xml to /workspace/temp/smart.who.int.base#0.1.0a-milestone/template/onGenerate-ig-updated.xml
     [xslt] Loading stylesheet /workspace/temp/smart.who.int.base#0.1.0a-milestone/template/scripts/onGenerate.final.xslt

onGenerate.igQa:
     [xslt] Processing /workspace/temp/smart.who.int.base#0.1.0a-milestone/template/onGenerate-ig-updated.xml to /workspace/temp/smart.who.int.base#0.1.0a-milestone/template/ongenerate-validation-igqa.json
     [xslt] Loading stylesheet /workspace/temp/smart.who.int.base#0.1.0a-milestone/template/scripts/onGenerate.qa.xslt

onGenerate.artifactList:
     [xslt] Processing /workspace/temp/smart.who.int.base#0.1.0a-milestone/template/onGenerate-ig-updated.xml to /workspace/temp/smart.who.int.base#0.1.0a-milestone/temp/pages/_includes/artifacts.xml
     [xslt] Loading stylesheet /workspace/temp/smart.who.int.base#0.1.0a-milestone/template/scripts/createArtifactSummary.xslt

check-plantumlfiles:

onGenerate.plantUml.ig:

onGenerate.plantUml.template:

onGenerate.plantUml:

onGenerate.copyDataFiles:

onGenerate.extend:

onGenerate:
Template Done                                                                                        (00:00.474 / 00:38.630, 2Gb)
Generate HTML Outputs                                                                                (00:00.001 / 00:38.631, 2Gb)
Generate Summaries                                                                                   (00:07.060 / 00:45.693, 3Gb)
Generating Summary Outputs                                                                           (00:00.001 / 00:45.693, 3Gb)
DB Cumulative Time invested: 00:00:00.73
Sending Usage Stats to Server                                                                        (00:06.026 / 00:51.720, 3Gb)
## Memory (MB): Use = 3764, Free = 193, Total = 3958, Max = 4096                                     (00:00.002 / 00:51.722, 3Gb)
Reclaiming memory...                                                                                 (00:00.001 / 00:51.723, 3Gb)
## Memory (MB): Use = 2424, Free = 1623, Total = 4048, Max = 4096                                    (00:01.061 / 00:52.785, 2Gb)
Run jekyll: jekyll build --destination "/workspace/temp/smart.who.int.base#0.1.0a-milestone/output" (in folder /workspace/temp/smart.who.int.base#0.1.0a-milestone/temp/pages) (00:00.001 / 00:52.787, 2Gb)
Troubleshooting Note: usual cases for Jekyll to fail are:                                            (00:00.001 / 00:52.788, 2Gb)
* A failure to produce a fragment that is already logged in the output above                         (00:00.000 / 00:52.789, 2Gb)
* A reference to a manually edited file that hasn't been provided                                    (00:00.000 / 00:52.790, 2Gb)
Jekyll: Source: /workspace/temp/smart.who.int.base#0.1.0a-milestone/temp/pages                       (00:00.353 / 00:53.144, 2Gb)
Jekyll: Generating...                                                                                (00:00.001 / 00:53.145, 2Gb)
Jekyll: done in 1.254 seconds.                                                                       (00:01.252 / 00:54.397, 2Gb)

onCheck.extend:

onCheck:

Installing smart.who.int.base#0.1.0a
Checking Output HTML                                                                                 (00:01.265 / 00:55.663, 2Gb)
found 850 files                                                                                      (00:00.005 / 00:55.669, 2Gb)
........................................
........................................
  ... 850 html files, 0 pages invalid xhtml (0%)                                                     (00:10.710 / 01:06.380, 3Gb)
  ... 249291 links, 41 broken links (0%)                                                             (00:00.001 / 01:06.381, 3Gb)
Generate fragment-usage-analysis.csv                                                                 (00:00.000 / 01:06.382, 3Gb)
Build final .zip                                                                                     (00:00.005 / 01:06.387, 3Gb)
Final .zip built                                                                                     (00:02.173 / 01:08.561, 3Gb)
Built. Times: loading: 00:00.235, generate: 00:54.845, narrative generation: 00:00.390, realm-rules: 00:00.000, previous-version: 00:07.266, jekyll: 00:01.626, validation: 00:07.473 (#17), template: 00:00.480 (#3) (00:02.490 / 01:11.051, 2Gb)
Generating QA                                                                                        (00:00.001 / 01:11.053, 2Gb)
Validation output in /workspace/temp/smart.who.int.base#0.1.0a-milestone/output/qa.html
Errors: 1, Warnings: 1, Info: 17, Broken Links: 41 (00:00.787 / 01:11.840, 2Gb)
Finished. Max Memory Used = 3Gb. Log file saved in /tmp/fhir-ig-publisher-tmp.log                    (00:00.006 / 01:11.846, 2Gb)
Keep a copy of the build directory at /workspace/temp/web-root/run-20241128/ig-build-zips/smart.who.int.base#0.1.0a.zip

ok. All checks passed. Publish v0.1.0a to /workspace/temp/web-root/run-20241128/base/0.1.0a
Copy the IG to /workspace/temp/web-root/run-20241128/base/0.1.0a
Update /workspace/temp/web-root/run-20241128/base/package-list.json
Publish Box Statement: This page is part of the SMART Base (v0.1.0a: Releases Draft) based on <a no-external="true" href="http://hl7.org/fhir/R4">FHIR (HL7® FHIR® Standard) R4</a>. This is the current published version in its permanent home (it will always be available at this URL).  For a full list of available versions, see the <a no-external="true" href="http://smart.who.int/base/history.html">Directory of published versions</a>
no html insert in /workspace/temp/web-root/run-20241128/base/0.1.0a/qa-txservers.html
  .. 148 files checked, 148 updated
  .. 75 clones checked, 150 updated
  .. 17 redirections (17 created/updated)
This is a milestone release - publish v0.1.0a to /workspace/temp/web-root/run-20241128/base
Publish Box Statement: This page is part of the SMART Base (v0.1.0a: Releases Draft) based on <a no-external="true" href="http://hl7.org/fhir/R4">FHIR (HL7® FHIR® Standard) R4</a>. This is the current published version.  For a full list of available versions, see the <a no-external="true" href="http://smart.who.int/base/history.html">Directory of published versions</a>
no html insert in /workspace/temp/smart.who.int.base#0.1.0a-milestone/output/qa-txservers.html
  .. 148 files checked, 148 updated
  .. 75 clones checked, 150 updated
  .. 17 redirections (17 created/updated)
Check for Files to delete
  ... 0 files
Copy to new IG to /workspace/temp/web-root/run-20241128/base
[Fatal Error] :1:1: Content is not allowed in prolog.
Unable to process RSS feed /workspace/temp/web-root/run-20241128/publication-feed.xml as XML - processing as text instead (Content is not allowed in prolog.)
Update history page at /workspace/temp/web-root/run-20241128/base from /workspace/history-template and /workspace/webroot/templates
Build is complete. Copy from /workspace/temp/web-root/run-20241128
smart.who.int.base (http://smart.who.int/base): SMART Base @ http://worldhealthorganization.github.io/smart-base
  candidate: Releases Draft 0.1.0a/4.0.1 @ http://smart.who.int/base/0.1.0a
